# JRE version: 7.0_11-b21
# Java VM: Java HotSpot(TM) 64-Bit Server VM (23.6-b04 mixed mode windows-amd64 compressed oops)
Heap
 PSYoungGen      total 17536K, used 16841K [0x00000007d5f60000, 0x00000007d76c0000, 0x0000000800000000)
  eden space 17408K, 96% used [0x00000007d5f60000,0x00000007d6fba680,0x00000007d7060000)
  from space 128K, 75% used [0x00000007d70a0000,0x00000007d70b8000,0x00000007d70c0000)
  to   space 3264K, 0% used [0x00000007d7390000,0x00000007d7390000,0x00000007d76c0000)
 ParOldGen       total 86144K, used 15050K [0x0000000781e00000, 0x0000000787220000, 0x00000007d5f60000)
  object space 86144K, 17% used [0x0000000781e00000,0x0000000782cb2a20,0x0000000787220000)
 PSPermGen       total 21248K, used 17046K [0x000000077cc00000, 0x000000077e0c0000, 0x0000000781e00000)
  object space 21248K, 80% used [0x000000077cc00000,0x000000077dca5840,0x000000077e0c0000)
GC Heap History (10 events):
Event: 98.952 GC heap before
{Heap before GC invocations=31 (full 0):
 PSYoungGen      total 22976K, used 19072K [0x00000007d5f60000, 0x00000007d7b00000, 0x0000000800000000)
  eden space 18944K, 100% used [0x00000007d5f60000,0x00000007d71e0000,0x00000007d71e0000)
  from space 4032K, 3% used [0x00000007d7710000,0x00000007d7730000,0x00000007d7b00000)
  to   space 4672K, 0% used [0x00000007d71e0000,0x00000007d71e0000,0x00000007d7670000)
 ParOldGen       total 86144K, used 15026K [0x0000000781e00000, 0x0000000787220000, 0x00000007d5f60000)
  object space 86144K, 17% used [0x0000000781e00000,0x0000000782caca20,0x0000000787220000)
 PSPermGen       total 21248K, used 17000K [0x000000077cc00000, 0x000000077e0c0000, 0x0000000781e00000)
  object space 21248K, 80% used [0x000000077cc00000,0x000000077dc9a048,0x000000077e0c0000)
Event: 98.954 GC heap after
Heap after GC invocations=31 (full 0):
 PSYoungGen      total 18752K, used 96K [0x00000007d5f60000, 0x00000007d7a10000, 0x0000000800000000)
  eden space 18624K, 0% used [0x00000007d5f60000,0x00000007d5f60000,0x00000007d7190000)
  from space 128K, 75% used [0x00000007d71e0000,0x00000007d71f8000,0x00000007d7200000)
  to   space 4352K, 0% used [0x00000007d75d0000,0x00000007d75d0000,0x00000007d7a10000)
 ParOldGen       total 86144K, used 15034K [0x0000000781e00000, 0x0000000787220000, 0x00000007d5f60000)
  object space 86144K, 17% used [0x0000000781e00000,0x0000000782caea20,0x0000000787220000)
 PSPermGen       total 21248K, used 17000K [0x000000077cc00000, 0x000000077e0c0000, 0x0000000781e00000)
  object space 21248K, 80% used [0x000000077cc00000,0x000000077dc9a048,0x000000077e0c0000)
}
Event: 101.451 GC heap before
{Heap before GC invocations=32 (full 0):
 PSYoungGen      total 18752K, used 18720K [0x00000007d5f60000, 0x00000007d7a10000, 0x0000000800000000)
  eden space 18624K, 100% used [0x00000007d5f60000,0x00000007d7190000,0x00000007d7190000)
  from space 128K, 75% used [0x00000007d71e0000,0x00000007d71f8000,0x00000007d7200000)
  to   space 4352K, 0% used [0x00000007d75d0000,0x00000007d75d0000,0x00000007d7a10000)
 ParOldGen       total 86144K, used 15034K [0x0000000781e00000, 0x0000000787220000, 0x00000007d5f60000)
  object space 86144K, 17% used [0x0000000781e00000,0x0000000782caea20,0x0000000787220000)
 PSPermGen       total 21248K, used 17000K [0x000000077cc00000, 0x000000077e0c0000, 0x0000000781e00000)
  object space 21248K, 80% used [0x000000077cc00000,0x000000077dc9a048,0x000000077e0c0000)
Event: 101.453 GC heap after
Heap after GC invocations=32 (full 0):
 PSYoungGen      total 21696K, used 64K [0x00000007d5f60000, 0x00000007d7920000, 0x0000000800000000)
  eden space 18304K, 0% used [0x00000007d5f60000,0x00000007d5f60000,0x00000007d7140000)
  from space 3392K, 1% used [0x00000007d75d0000,0x00000007d75e0000,0x00000007d7920000)
  to   space 4032K, 0% used [0x00000007d7140000,0x00000007d7140000,0x00000007d7530000)
 ParOldGen       total 86144K, used 15034K [0x0000000781e00000, 0x0000000787220000, 0x00000007d5f60000)
  object space 86144K, 17% used [0x0000000781e00000,0x0000000782caea20,0x0000000787220000)
 PSPermGen       total 21248K, used 17000K [0x000000077cc00000, 0x000000077e0c0000, 0x0000000781e00000)
  object space 21248K, 80% used [0x000000077cc00000,0x000000077dc9a048,0x000000077e0c0000)
}
Event: 103.918 GC heap before
{Heap before GC invocations=33 (full 0):
 PSYoungGen      total 21696K, used 18368K [0x00000007d5f60000, 0x00000007d7920000, 0x0000000800000000)
  eden space 18304K, 100% used [0x00000007d5f60000,0x00000007d7140000,0x00000007d7140000)
  from space 3392K, 1% used [0x00000007d75d0000,0x00000007d75e0000,0x00000007d7920000)
  to   space 4032K, 0% used [0x00000007d7140000,0x00000007d7140000,0x00000007d7530000)
 ParOldGen       total 86144K, used 15034K [0x0000000781e00000, 0x0000000787220000, 0x00000007d5f60000)
  object space 86144K, 17% used [0x0000000781e00000,0x0000000782caea20,0x0000000787220000)
 PSPermGen       total 21248K, used 17000K [0x000000077cc00000, 0x000000077e0c0000, 0x0000000781e00000)
  object space 21248K, 80% used [0x000000077cc00000,0x000000077dc9a048,0x000000077e0c0000)
Event: 103.919 GC heap after
Heap after GC invocations=33 (full 0):
 PSYoungGen      total 18112K, used 96K [0x00000007d5f60000, 0x00000007d7850000, 0x0000000800000000)
  eden space 17984K, 0% used [0x00000007d5f60000,0x00000007d5f60000,0x00000007d70f0000)
  from space 128K, 75% used [0x00000007d7140000,0x00000007d7158000,0x00000007d7160000)
  to   space 3776K, 0% used [0x00000007d74a0000,0x00000007d74a0000,0x00000007d7850000)
 ParOldGen       total 86144K, used 15042K [0x0000000781e00000, 0x0000000787220000, 0x00000007d5f60000)
  object space 86144K, 17% used [0x0000000781e00000,0x0000000782cb0a20,0x0000000787220000)
 PSPermGen       total 21248K, used 17000K [0x000000077cc00000, 0x000000077e0c0000, 0x0000000781e00000)
  object space 21248K, 80% used [0x000000077cc00000,0x000000077dc9a048,0x000000077e0c0000)
}
Event: 106.335 GC heap before
{Heap before GC invocations=34 (full 0):
 PSYoungGen      total 18112K, used 18080K [0x00000007d5f60000, 0x00000007d7850000, 0x0000000800000000)
  eden space 17984K, 100% used [0x00000007d5f60000,0x00000007d70f0000,0x00000007d70f0000)
  from space 128K, 75% used [0x00000007d7140000,0x00000007d7158000,0x00000007d7160000)
  to   space 3776K, 0% used [0x00000007d74a0000,0x00000007d74a0000,0x00000007d7850000)
 ParOldGen       total 86144K, used 15042K [0x0000000781e00000, 0x0000000787220000, 0x00000007d5f60000)
  object space 86144K, 17% used [0x0000000781e00000,0x0000000782cb0a20,0x0000000787220000)
 PSPermGen       total 21248K, used 17000K [0x000000077cc00000, 0x000000077e0c0000, 0x0000000781e00000)
  object space 21248K, 80% used [0x000000077cc00000,0x000000077dc9a048,0x000000077e0c0000)
Event: 106.336 GC heap after
Heap after GC invocations=34 (full 0):
 PSYoungGen      total 20608K, used 128K [0x00000007d5f60000, 0x00000007d7780000, 0x0000000800000000)
  eden space 17664K, 0% used [0x00000007d5f60000,0x00000007d5f60000,0x00000007d70a0000)
  from space 2944K, 4% used [0x00000007d74a0000,0x00000007d74c0000,0x00000007d7780000)
  to   space 3520K, 0% used [0x00000007d70a0000,0x00000007d70a0000,0x00000007d7410000)
 ParOldGen       total 86144K, used 15042K [0x0000000781e00000, 0x0000000787220000, 0x00000007d5f60000)
  object space 86144K, 17% used [0x0000000781e00000,0x0000000782cb0a20,0x0000000787220000)
 PSPermGen       total 21248K, used 17000K [0x000000077cc00000, 0x000000077e0c0000, 0x0000000781e00000)
  object space 21248K, 80% used [0x000000077cc00000,0x000000077dc9a048,0x000000077e0c0000)
}
Event: 108.707 GC heap before
{Heap before GC invocations=35 (full 0):
 PSYoungGen      total 20608K, used 17792K [0x00000007d5f60000, 0x00000007d7780000, 0x0000000800000000)
  eden space 17664K, 100% used [0x00000007d5f60000,0x00000007d70a0000,0x00000007d70a0000)
  from space 2944K, 4% used [0x00000007d74a0000,0x00000007d74c0000,0x00000007d7780000)
  to   space 3520K, 0% used [0x00000007d70a0000,0x00000007d70a0000,0x00000007d7410000)
 ParOldGen       total 86144K, used 15042K [0x0000000781e00000, 0x0000000787220000, 0x00000007d5f60000)
  object space 86144K, 17% used [0x0000000781e00000,0x0000000782cb0a20,0x0000000787220000)
 PSPermGen       total 21248K, used 17000K [0x000000077cc00000, 0x000000077e0c0000, 0x0000000781e00000)
  object space 21248K, 80% used [0x000000077cc00000,0x000000077dc9a048,0x000000077e0c0000)
Event: 108.708 GC heap after
Heap after GC invocations=35 (full 0):
 PSYoungGen      total 17536K, used 96K [0x00000007d5f60000, 0x00000007d76c0000, 0x0000000800000000)
  eden space 17408K, 0% used [0x00000007d5f60000,0x00000007d5f60000,0x00000007d7060000)
  from space 128K, 75% used [0x00000007d70a0000,0x00000007d70b8000,0x00000007d70c0000)
  to   space 3264K, 0% used [0x00000007d7390000,0x00000007d7390000,0x00000007d76c0000)
 ParOldGen       total 86144K, used 15050K [0x0000000781e00000, 0x0000000787220000, 0x00000007d5f60000)
  object space 86144K, 17% used [0x0000000781e00000,0x0000000782cb2a20,0x0000000787220000)
 PSPermGen       total 21248K, used 17000K [0x000000077cc00000, 0x000000077e0c0000, 0x0000000781e00000)
  object space 21248K, 80% used [0x000000077cc00000,0x000000077dc9a048,0x000000077e0c0000)
}

